2022-04-27T02:51:50.196Z - -   "OPTIONS /login HTTP/1.1" 204 0 "http://localhost:4200/" "Mozilla/5.0 (Windows NT 10.0; Win64; x64) AppleWebKit/537.36 (KHTML, like Gecko) Chrome/100.0.4896.127 Safari/537.36"
2022-04-27T02:51:50.279Z - -   "POST /login HTTP/1.1" 200 241 "http://localhost:4200/" "Mozilla/5.0 (Windows NT 10.0; Win64; x64) AppleWebKit/537.36 (KHTML, like Gecko) Chrome/100.0.4896.127 Safari/537.36"
2022-04-27T02:51:51.491Z - -   "OPTIONS /inventory HTTP/1.1" 204 0 "http://localhost:4200/" "Mozilla/5.0 (Windows NT 10.0; Win64; x64) AppleWebKit/537.36 (KHTML, like Gecko) Chrome/100.0.4896.127 Safari/537.36"
2022-04-27T02:51:51.494Z - admin@email.com   "GET /inventory HTTP/1.1" 304 - "http://localhost:4200/" "Mozilla/5.0 (Windows NT 10.0; Win64; x64) AppleWebKit/537.36 (KHTML, like Gecko) Chrome/100.0.4896.127 Safari/537.36"
2022-04-27T02:55:24.440Z - -   "OPTIONS /login HTTP/1.1" 204 0 "http://localhost:4200/" "Mozilla/5.0 (Windows NT 10.0; Win64; x64) AppleWebKit/537.36 (KHTML, like Gecko) Chrome/100.0.4896.127 Safari/537.36"
2022-04-27T02:55:24.590Z - -   "POST /login HTTP/1.1" 200 241 "http://localhost:4200/" "Mozilla/5.0 (Windows NT 10.0; Win64; x64) AppleWebKit/537.36 (KHTML, like Gecko) Chrome/100.0.4896.127 Safari/537.36"
2022-04-27T02:55:25.827Z - -   "OPTIONS /inventory HTTP/1.1" 204 0 "http://localhost:4200/" "Mozilla/5.0 (Windows NT 10.0; Win64; x64) AppleWebKit/537.36 (KHTML, like Gecko) Chrome/100.0.4896.127 Safari/537.36"
2022-04-27T02:55:25.835Z - admin@email.com   "GET /inventory HTTP/1.1" 304 - "http://localhost:4200/" "Mozilla/5.0 (Windows NT 10.0; Win64; x64) AppleWebKit/537.36 (KHTML, like Gecko) Chrome/100.0.4896.127 Safari/537.36"
2022-04-27T02:57:01.987Z - -   "OPTIONS /login HTTP/1.1" 204 0 "http://localhost:4200/" "Mozilla/5.0 (Windows NT 10.0; Win64; x64) AppleWebKit/537.36 (KHTML, like Gecko) Chrome/100.0.4896.127 Safari/537.36"
2022-04-27T02:57:02.127Z - -   "POST /login HTTP/1.1" 200 241 "http://localhost:4200/" "Mozilla/5.0 (Windows NT 10.0; Win64; x64) AppleWebKit/537.36 (KHTML, like Gecko) Chrome/100.0.4896.127 Safari/537.36"
2022-04-27T02:57:02.141Z - -   "OPTIONS /inventory HTTP/1.1" 204 0 "http://localhost:4200/" "Mozilla/5.0 (Windows NT 10.0; Win64; x64) AppleWebKit/537.36 (KHTML, like Gecko) Chrome/100.0.4896.127 Safari/537.36"
2022-04-27T02:57:02.147Z - admin@email.com   "GET /inventory HTTP/1.1" 304 - "http://localhost:4200/" "Mozilla/5.0 (Windows NT 10.0; Win64; x64) AppleWebKit/537.36 (KHTML, like Gecko) Chrome/100.0.4896.127 Safari/537.36"
2022-04-27T02:57:36.595Z - -   "OPTIONS /rentals HTTP/1.1" 204 0 "http://localhost:4200/" "Mozilla/5.0 (Windows NT 10.0; Win64; x64) AppleWebKit/537.36 (KHTML, like Gecko) Chrome/100.0.4896.127 Safari/537.36"
2022-04-27T02:57:36.603Z - -   "GET /rentals HTTP/1.1" 200 417 "http://localhost:4200/" "Mozilla/5.0 (Windows NT 10.0; Win64; x64) AppleWebKit/537.36 (KHTML, like Gecko) Chrome/100.0.4896.127 Safari/537.36"
2022-04-27T03:01:12.651Z - -   "OPTIONS /login HTTP/1.1" 204 0 "http://localhost:4200/" "Mozilla/5.0 (Windows NT 10.0; Win64; x64) AppleWebKit/537.36 (KHTML, like Gecko) Chrome/100.0.4896.127 Safari/537.36"
2022-04-27T03:01:12.776Z - -   "POST /login HTTP/1.1" 200 241 "http://localhost:4200/" "Mozilla/5.0 (Windows NT 10.0; Win64; x64) AppleWebKit/537.36 (KHTML, like Gecko) Chrome/100.0.4896.127 Safari/537.36"
2022-04-27T03:01:12.789Z - -   "OPTIONS /inventory HTTP/1.1" 204 0 "http://localhost:4200/" "Mozilla/5.0 (Windows NT 10.0; Win64; x64) AppleWebKit/537.36 (KHTML, like Gecko) Chrome/100.0.4896.127 Safari/537.36"
2022-04-27T03:01:12.795Z - admin@email.com   "GET /inventory HTTP/1.1" 304 - "http://localhost:4200/" "Mozilla/5.0 (Windows NT 10.0; Win64; x64) AppleWebKit/537.36 (KHTML, like Gecko) Chrome/100.0.4896.127 Safari/537.36"
2022-04-27T03:01:29.663Z - -   "OPTIONS /rentals HTTP/1.1" 204 0 "http://localhost:4200/" "Mozilla/5.0 (Windows NT 10.0; Win64; x64) AppleWebKit/537.36 (KHTML, like Gecko) Chrome/100.0.4896.127 Safari/537.36"
2022-04-27T03:01:29.668Z - admin@email.com   "GET /rentals HTTP/1.1" 304 - "http://localhost:4200/" "Mozilla/5.0 (Windows NT 10.0; Win64; x64) AppleWebKit/537.36 (KHTML, like Gecko) Chrome/100.0.4896.127 Safari/537.36"
2022-04-27T03:02:19.590Z - -   "OPTIONS /inventory HTTP/1.1" 204 0 "http://localhost:4200/" "Mozilla/5.0 (Windows NT 10.0; Win64; x64) AppleWebKit/537.36 (KHTML, like Gecko) Chrome/100.0.4896.127 Safari/537.36"
2022-04-27T03:02:19.595Z - admin@email.com   "GET /inventory HTTP/1.1" 304 - "http://localhost:4200/" "Mozilla/5.0 (Windows NT 10.0; Win64; x64) AppleWebKit/537.36 (KHTML, like Gecko) Chrome/100.0.4896.127 Safari/537.36"
2022-04-27T03:03:35.812Z - -   "OPTIONS /inventory HTTP/1.1" 204 0 "http://localhost:4200/" "Mozilla/5.0 (Windows NT 10.0; Win64; x64) AppleWebKit/537.36 (KHTML, like Gecko) Chrome/100.0.4896.127 Safari/537.36"
2022-04-27T03:03:35.815Z - -   "OPTIONS /customers HTTP/1.1" 204 0 "http://localhost:4200/" "Mozilla/5.0 (Windows NT 10.0; Win64; x64) AppleWebKit/537.36 (KHTML, like Gecko) Chrome/100.0.4896.127 Safari/537.36"
2022-04-27T03:03:35.819Z - admin@email.com   "GET /inventory HTTP/1.1" 304 - "http://localhost:4200/" "Mozilla/5.0 (Windows NT 10.0; Win64; x64) AppleWebKit/537.36 (KHTML, like Gecko) Chrome/100.0.4896.127 Safari/537.36"
2022-04-27T03:03:35.821Z - admin@email.com   "GET /customers HTTP/1.1" 200 491 "http://localhost:4200/" "Mozilla/5.0 (Windows NT 10.0; Win64; x64) AppleWebKit/537.36 (KHTML, like Gecko) Chrome/100.0.4896.127 Safari/537.36"
2022-04-27T03:03:41.652Z - -   "OPTIONS /rentals?customer_id=3&item_id=5&notes= HTTP/1.1" 204 0 "http://localhost:4200/" "Mozilla/5.0 (Windows NT 10.0; Win64; x64) AppleWebKit/537.36 (KHTML, like Gecko) Chrome/100.0.4896.127 Safari/537.36"
2022-04-27T03:20:06.484Z - -   "OPTIONS /login HTTP/1.1" 204 0 "http://localhost:4200/" "Mozilla/5.0 (Windows NT 10.0; Win64; x64) AppleWebKit/537.36 (KHTML, like Gecko) Chrome/100.0.4896.127 Safari/537.36"
2022-04-27T03:20:06.617Z - -   "POST /login HTTP/1.1" 200 241 "http://localhost:4200/" "Mozilla/5.0 (Windows NT 10.0; Win64; x64) AppleWebKit/537.36 (KHTML, like Gecko) Chrome/100.0.4896.127 Safari/537.36"
2022-04-27T03:20:06.629Z - -   "OPTIONS /inventory HTTP/1.1" 204 0 "http://localhost:4200/" "Mozilla/5.0 (Windows NT 10.0; Win64; x64) AppleWebKit/537.36 (KHTML, like Gecko) Chrome/100.0.4896.127 Safari/537.36"
2022-04-27T03:20:06.637Z - admin@email.com   "GET /inventory HTTP/1.1" 200 463 "http://localhost:4200/" "Mozilla/5.0 (Windows NT 10.0; Win64; x64) AppleWebKit/537.36 (KHTML, like Gecko) Chrome/100.0.4896.127 Safari/537.36"
2022-04-27T03:20:09.518Z - -   "OPTIONS /customers HTTP/1.1" 204 0 "http://localhost:4200/" "Mozilla/5.0 (Windows NT 10.0; Win64; x64) AppleWebKit/537.36 (KHTML, like Gecko) Chrome/100.0.4896.127 Safari/537.36"
2022-04-27T03:20:09.519Z - admin@email.com   "GET /inventory HTTP/1.1" 304 - "http://localhost:4200/" "Mozilla/5.0 (Windows NT 10.0; Win64; x64) AppleWebKit/537.36 (KHTML, like Gecko) Chrome/100.0.4896.127 Safari/537.36"
2022-04-27T03:20:09.521Z - admin@email.com   "GET /customers HTTP/1.1" 304 - "http://localhost:4200/" "Mozilla/5.0 (Windows NT 10.0; Win64; x64) AppleWebKit/537.36 (KHTML, like Gecko) Chrome/100.0.4896.127 Safari/537.36"
2022-04-27T03:20:14.976Z - -   "OPTIONS /rentals?customer_id=3&item_id=1&notes= HTTP/1.1" 204 0 "http://localhost:4200/" "Mozilla/5.0 (Windows NT 10.0; Win64; x64) AppleWebKit/537.36 (KHTML, like Gecko) Chrome/100.0.4896.127 Safari/537.36"
2022-04-27T03:20:14.985Z - admin@email.com   "POST /rentals?customer_id=3&item_id=1&notes= HTTP/1.1" 200 18 "http://localhost:4200/" "Mozilla/5.0 (Windows NT 10.0; Win64; x64) AppleWebKit/537.36 (KHTML, like Gecko) Chrome/100.0.4896.127 Safari/537.36"
2022-04-27T03:21:13.943Z - -   "OPTIONS /rentals HTTP/1.1" 204 0 "http://localhost:4200/" "Mozilla/5.0 (Windows NT 10.0; Win64; x64) AppleWebKit/537.36 (KHTML, like Gecko) Chrome/100.0.4896.127 Safari/537.36"
2022-04-27T03:21:13.948Z - admin@email.com   "GET /rentals HTTP/1.1" 200 833 "http://localhost:4200/" "Mozilla/5.0 (Windows NT 10.0; Win64; x64) AppleWebKit/537.36 (KHTML, like Gecko) Chrome/100.0.4896.127 Safari/537.36"
2022-04-27T03:21:17.008Z - -   "OPTIONS /inventory HTTP/1.1" 204 0 "http://localhost:4200/" "Mozilla/5.0 (Windows NT 10.0; Win64; x64) AppleWebKit/537.36 (KHTML, like Gecko) Chrome/100.0.4896.127 Safari/537.36"
2022-04-27T03:21:17.011Z - admin@email.com   "GET /inventory HTTP/1.1" 200 463 "http://localhost:4200/" "Mozilla/5.0 (Windows NT 10.0; Win64; x64) AppleWebKit/537.36 (KHTML, like Gecko) Chrome/100.0.4896.127 Safari/537.36"
2022-04-27T03:21:21.476Z - -   "OPTIONS /customers HTTP/1.1" 204 0 "http://localhost:4200/" "Mozilla/5.0 (Windows NT 10.0; Win64; x64) AppleWebKit/537.36 (KHTML, like Gecko) Chrome/100.0.4896.127 Safari/537.36"
2022-04-27T03:21:21.479Z - admin@email.com   "GET /inventory HTTP/1.1" 304 - "http://localhost:4200/" "Mozilla/5.0 (Windows NT 10.0; Win64; x64) AppleWebKit/537.36 (KHTML, like Gecko) Chrome/100.0.4896.127 Safari/537.36"
2022-04-27T03:21:21.481Z - admin@email.com   "GET /customers HTTP/1.1" 304 - "http://localhost:4200/" "Mozilla/5.0 (Windows NT 10.0; Win64; x64) AppleWebKit/537.36 (KHTML, like Gecko) Chrome/100.0.4896.127 Safari/537.36"
2022-04-27T03:21:25.288Z - -   "OPTIONS /rentals?customer_id=2&item_id=4&notes= HTTP/1.1" 204 0 "http://localhost:4200/" "Mozilla/5.0 (Windows NT 10.0; Win64; x64) AppleWebKit/537.36 (KHTML, like Gecko) Chrome/100.0.4896.127 Safari/537.36"
2022-04-27T03:21:25.301Z - admin@email.com   "POST /rentals?customer_id=2&item_id=4&notes= HTTP/1.1" 200 18 "http://localhost:4200/" "Mozilla/5.0 (Windows NT 10.0; Win64; x64) AppleWebKit/537.36 (KHTML, like Gecko) Chrome/100.0.4896.127 Safari/537.36"
2022-04-27T03:22:37.169Z - -   "OPTIONS /login HTTP/1.1" 204 0 "http://localhost:4200/" "Mozilla/5.0 (Windows NT 10.0; Win64; x64) AppleWebKit/537.36 (KHTML, like Gecko) Chrome/100.0.4896.127 Safari/537.36"
2022-04-27T03:22:37.304Z - admin@email.com   "POST /login HTTP/1.1" 200 241 "http://localhost:4200/" "Mozilla/5.0 (Windows NT 10.0; Win64; x64) AppleWebKit/537.36 (KHTML, like Gecko) Chrome/100.0.4896.127 Safari/537.36"
2022-04-27T03:22:37.314Z - -   "OPTIONS /inventory HTTP/1.1" 204 0 "http://localhost:4200/" "Mozilla/5.0 (Windows NT 10.0; Win64; x64) AppleWebKit/537.36 (KHTML, like Gecko) Chrome/100.0.4896.127 Safari/537.36"
2022-04-27T03:22:37.321Z - admin@email.com   "GET /inventory HTTP/1.1" 200 463 "http://localhost:4200/" "Mozilla/5.0 (Windows NT 10.0; Win64; x64) AppleWebKit/537.36 (KHTML, like Gecko) Chrome/100.0.4896.127 Safari/537.36"
2022-04-27T03:22:42.682Z - -   "OPTIONS /inventory HTTP/1.1" 204 0 "http://localhost:4200/" "Mozilla/5.0 (Windows NT 10.0; Win64; x64) AppleWebKit/537.36 (KHTML, like Gecko) Chrome/100.0.4896.127 Safari/537.36"
2022-04-27T03:22:42.683Z - -   "OPTIONS /customers HTTP/1.1" 204 0 "http://localhost:4200/" "Mozilla/5.0 (Windows NT 10.0; Win64; x64) AppleWebKit/537.36 (KHTML, like Gecko) Chrome/100.0.4896.127 Safari/537.36"
2022-04-27T03:22:42.686Z - admin@email.com   "GET /inventory HTTP/1.1" 304 - "http://localhost:4200/" "Mozilla/5.0 (Windows NT 10.0; Win64; x64) AppleWebKit/537.36 (KHTML, like Gecko) Chrome/100.0.4896.127 Safari/537.36"
2022-04-27T03:22:42.689Z - admin@email.com   "GET /customers HTTP/1.1" 304 - "http://localhost:4200/" "Mozilla/5.0 (Windows NT 10.0; Win64; x64) AppleWebKit/537.36 (KHTML, like Gecko) Chrome/100.0.4896.127 Safari/537.36"
2022-04-27T03:22:46.092Z - -   "OPTIONS /rentals?customer_id=2&item_id=2&notes= HTTP/1.1" 204 0 "http://localhost:4200/" "Mozilla/5.0 (Windows NT 10.0; Win64; x64) AppleWebKit/537.36 (KHTML, like Gecko) Chrome/100.0.4896.127 Safari/537.36"
2022-04-27T03:22:46.107Z - admin@email.com   "POST /rentals?customer_id=2&item_id=2&notes= HTTP/1.1" 200 18 "http://localhost:4200/" "Mozilla/5.0 (Windows NT 10.0; Win64; x64) AppleWebKit/537.36 (KHTML, like Gecko) Chrome/100.0.4896.127 Safari/537.36"
2022-04-27T03:27:14.434Z - -   "OPTIONS /inventory HTTP/1.1" 204 0 "http://localhost:4200/" "Mozilla/5.0 (Windows NT 10.0; Win64; x64) AppleWebKit/537.36 (KHTML, like Gecko) Chrome/100.0.4896.127 Safari/537.36"
2022-04-27T03:27:14.439Z - admin@email.com   "GET /inventory HTTP/1.1" 200 463 "http://localhost:4200/" "Mozilla/5.0 (Windows NT 10.0; Win64; x64) AppleWebKit/537.36 (KHTML, like Gecko) Chrome/100.0.4896.127 Safari/537.36"
2022-04-27T03:28:15.408Z - -   "OPTIONS /rentals HTTP/1.1" 204 0 "http://localhost:4200/" "Mozilla/5.0 (Windows NT 10.0; Win64; x64) AppleWebKit/537.36 (KHTML, like Gecko) Chrome/100.0.4896.127 Safari/537.36"
2022-04-27T03:28:15.413Z - admin@email.com   "GET /rentals HTTP/1.1" 200 1237 "http://localhost:4200/" "Mozilla/5.0 (Windows NT 10.0; Win64; x64) AppleWebKit/537.36 (KHTML, like Gecko) Chrome/100.0.4896.127 Safari/537.36"
2022-04-27T03:28:59.032Z - -   "OPTIONS /inventory HTTP/1.1" 204 0 "http://localhost:4200/" "Mozilla/5.0 (Windows NT 10.0; Win64; x64) AppleWebKit/537.36 (KHTML, like Gecko) Chrome/100.0.4896.127 Safari/537.36"
2022-04-27T03:28:59.044Z - admin@email.com   "GET /inventory HTTP/1.1" 200 463 "http://localhost:4200/" "Mozilla/5.0 (Windows NT 10.0; Win64; x64) AppleWebKit/537.36 (KHTML, like Gecko) Chrome/100.0.4896.127 Safari/537.36"
2022-04-27T03:29:04.277Z - -   "OPTIONS /inventory HTTP/1.1" 204 0 "http://localhost:4200/" "Mozilla/5.0 (Windows NT 10.0; Win64; x64) AppleWebKit/537.36 (KHTML, like Gecko) Chrome/100.0.4896.127 Safari/537.36"
2022-04-27T03:29:04.279Z - -   "OPTIONS /customers HTTP/1.1" 204 0 "http://localhost:4200/" "Mozilla/5.0 (Windows NT 10.0; Win64; x64) AppleWebKit/537.36 (KHTML, like Gecko) Chrome/100.0.4896.127 Safari/537.36"
2022-04-27T03:29:04.285Z - admin@email.com   "GET /inventory HTTP/1.1" 304 - "http://localhost:4200/" "Mozilla/5.0 (Windows NT 10.0; Win64; x64) AppleWebKit/537.36 (KHTML, like Gecko) Chrome/100.0.4896.127 Safari/537.36"
2022-04-27T03:29:04.288Z - admin@email.com   "GET /customers HTTP/1.1" 304 - "http://localhost:4200/" "Mozilla/5.0 (Windows NT 10.0; Win64; x64) AppleWebKit/537.36 (KHTML, like Gecko) Chrome/100.0.4896.127 Safari/537.36"
2022-04-27T03:29:07.052Z - -   "OPTIONS /rentals?customer_id=3&item_id=3&notes= HTTP/1.1" 204 0 "http://localhost:4200/" "Mozilla/5.0 (Windows NT 10.0; Win64; x64) AppleWebKit/537.36 (KHTML, like Gecko) Chrome/100.0.4896.127 Safari/537.36"
2022-04-27T03:29:07.069Z - admin@email.com   "POST /rentals?customer_id=3&item_id=3&notes= HTTP/1.1" 200 18 "http://localhost:4200/" "Mozilla/5.0 (Windows NT 10.0; Win64; x64) AppleWebKit/537.36 (KHTML, like Gecko) Chrome/100.0.4896.127 Safari/537.36"
2022-04-27T03:29:12.700Z - -   "OPTIONS /rentals HTTP/1.1" 204 0 "http://localhost:4200/" "Mozilla/5.0 (Windows NT 10.0; Win64; x64) AppleWebKit/537.36 (KHTML, like Gecko) Chrome/100.0.4896.127 Safari/537.36"
2022-04-27T03:29:12.704Z - admin@email.com   "GET /rentals HTTP/1.1" 200 1456 "http://localhost:4200/" "Mozilla/5.0 (Windows NT 10.0; Win64; x64) AppleWebKit/537.36 (KHTML, like Gecko) Chrome/100.0.4896.127 Safari/537.36"
2022-04-27T03:29:34.443Z - -   "OPTIONS /login HTTP/1.1" 204 0 "http://localhost:4200/" "Mozilla/5.0 (Windows NT 10.0; Win64; x64) AppleWebKit/537.36 (KHTML, like Gecko) Chrome/100.0.4896.127 Safari/537.36"
2022-04-27T03:29:34.563Z - admin@email.com   "POST /login HTTP/1.1" 200 241 "http://localhost:4200/" "Mozilla/5.0 (Windows NT 10.0; Win64; x64) AppleWebKit/537.36 (KHTML, like Gecko) Chrome/100.0.4896.127 Safari/537.36"
2022-04-27T03:29:34.571Z - -   "OPTIONS /inventory HTTP/1.1" 204 0 "http://localhost:4200/" "Mozilla/5.0 (Windows NT 10.0; Win64; x64) AppleWebKit/537.36 (KHTML, like Gecko) Chrome/100.0.4896.127 Safari/537.36"
2022-04-27T03:29:34.574Z - admin@email.com   "GET /inventory HTTP/1.1" 200 463 "http://localhost:4200/" "Mozilla/5.0 (Windows NT 10.0; Win64; x64) AppleWebKit/537.36 (KHTML, like Gecko) Chrome/100.0.4896.127 Safari/537.36"
